
=================================================================
==55026==ERROR: LeakSanitizer: detected memory leaks

Direct leak of 11520 byte(s) in 240 object(s) allocated from:
    #0 0x7ff82d4bf411 in __interceptor_calloc /usr/src/debug/gcc/gcc/libsanitizer/asan/asan_malloc_linux.cpp:77
    #1 0x5577e63a408e in trie_get_and_alloc /home/ben/repos/buc/tmap/map.c:71
    #2 0x5577e63a5140 in map_get_or_insert /home/ben/repos/buc/tmap/map.c:166
    #3 0x5577e63a2c39 in main /home/ben/repos/buc/tmap/cw.c:45
    #4 0x7ff82ca3c28f  (/usr/lib/libc.so.6+0x2328f)

Indirect leak of 42368 byte(s) in 331 object(s) allocated from:
    #0 0x7ff82d4be7ea in __interceptor_realloc /usr/src/debug/gcc/gcc/libsanitizer/asan/asan_malloc_linux.cpp:85
    #1 0x5577e63a391c in trie_get_and_alloc /home/ben/repos/buc/tmap/map.c:64
    #2 0x5577e63a4279 in trie_get_and_alloc /home/ben/repos/buc/tmap/map.c:75
    #3 0x5577e63a4279 in trie_get_and_alloc /home/ben/repos/buc/tmap/map.c:75
    #4 0x5577e63a4279 in trie_get_and_alloc /home/ben/repos/buc/tmap/map.c:75
    #5 0x5577e63a5140 in map_get_or_insert /home/ben/repos/buc/tmap/map.c:166
    #6 0x5577e63a2c39 in main /home/ben/repos/buc/tmap/cw.c:45
    #7 0x7ff82ca3c28f  (/usr/lib/libc.so.6+0x2328f)

Indirect leak of 38016 byte(s) in 297 object(s) allocated from:
    #0 0x7ff82d4be7ea in __interceptor_realloc /usr/src/debug/gcc/gcc/libsanitizer/asan/asan_malloc_linux.cpp:85
    #1 0x5577e63a391c in trie_get_and_alloc /home/ben/repos/buc/tmap/map.c:64
    #2 0x5577e63a4279 in trie_get_and_alloc /home/ben/repos/buc/tmap/map.c:75
    #3 0x5577e63a4279 in trie_get_and_alloc /home/ben/repos/buc/tmap/map.c:75
    #4 0x5577e63a5140 in map_get_or_insert /home/ben/repos/buc/tmap/map.c:166
    #5 0x5577e63a2c39 in main /home/ben/repos/buc/tmap/cw.c:45
    #6 0x7ff82ca3c28f  (/usr/lib/libc.so.6+0x2328f)

Indirect leak of 31744 byte(s) in 248 object(s) allocated from:
    #0 0x7ff82d4be7ea in __interceptor_realloc /usr/src/debug/gcc/gcc/libsanitizer/asan/asan_malloc_linux.cpp:85
    #1 0x5577e63a391c in trie_get_and_alloc /home/ben/repos/buc/tmap/map.c:64
    #2 0x5577e63a4279 in trie_get_and_alloc /home/ben/repos/buc/tmap/map.c:75
    #3 0x5577e63a4279 in trie_get_and_alloc /home/ben/repos/buc/tmap/map.c:75
    #4 0x5577e63a4279 in trie_get_and_alloc /home/ben/repos/buc/tmap/map.c:75
    #5 0x5577e63a4279 in trie_get_and_alloc /home/ben/repos/buc/tmap/map.c:75
    #6 0x5577e63a5140 in map_get_or_insert /home/ben/repos/buc/tmap/map.c:166
    #7 0x5577e63a2c39 in main /home/ben/repos/buc/tmap/cw.c:45
    #8 0x7ff82ca3c28f  (/usr/lib/libc.so.6+0x2328f)

Indirect leak of 30720 byte(s) in 240 object(s) allocated from:
    #0 0x7ff82d4be7ea in __interceptor_realloc /usr/src/debug/gcc/gcc/libsanitizer/asan/asan_malloc_linux.cpp:85
    #1 0x5577e63a391c in trie_get_and_alloc /home/ben/repos/buc/tmap/map.c:64
    #2 0x5577e63a4279 in trie_get_and_alloc /home/ben/repos/buc/tmap/map.c:75
    #3 0x5577e63a5140 in map_get_or_insert /home/ben/repos/buc/tmap/map.c:166
    #4 0x5577e63a2c39 in main /home/ben/repos/buc/tmap/cw.c:45
    #5 0x7ff82ca3c28f  (/usr/lib/libc.so.6+0x2328f)

Indirect leak of 22784 byte(s) in 178 object(s) allocated from:
    #0 0x7ff82d4be7ea in __interceptor_realloc /usr/src/debug/gcc/gcc/libsanitizer/asan/asan_malloc_linux.cpp:85
    #1 0x5577e63a391c in trie_get_and_alloc /home/ben/repos/buc/tmap/map.c:64
    #2 0x5577e63a4279 in trie_get_and_alloc /home/ben/repos/buc/tmap/map.c:75
    #3 0x5577e63a4279 in trie_get_and_alloc /home/ben/repos/buc/tmap/map.c:75
    #4 0x5577e63a4279 in trie_get_and_alloc /home/ben/repos/buc/tmap/map.c:75
    #5 0x5577e63a4279 in trie_get_and_alloc /home/ben/repos/buc/tmap/map.c:75
    #6 0x5577e63a4279 in trie_get_and_alloc /home/ben/repos/buc/tmap/map.c:75
    #7 0x5577e63a5140 in map_get_or_insert /home/ben/repos/buc/tmap/map.c:166
    #8 0x5577e63a2c39 in main /home/ben/repos/buc/tmap/cw.c:45
    #9 0x7ff82ca3c28f  (/usr/lib/libc.so.6+0x2328f)

Indirect leak of 18688 byte(s) in 146 object(s) allocated from:
    #0 0x7ff82d4be7ea in __interceptor_realloc /usr/src/debug/gcc/gcc/libsanitizer/asan/asan_malloc_linux.cpp:85
    #1 0x5577e63a391c in trie_get_and_alloc /home/ben/repos/buc/tmap/map.c:64
    #2 0x5577e63a4279 in trie_get_and_alloc /home/ben/repos/buc/tmap/map.c:75
    #3 0x5577e63a4279 in trie_get_and_alloc /home/ben/repos/buc/tmap/map.c:75
    #4 0x5577e63a4279 in trie_get_and_alloc /home/ben/repos/buc/tmap/map.c:75
    #5 0x5577e63a4279 in trie_get_and_alloc /home/ben/repos/buc/tmap/map.c:75
    #6 0x5577e63a4279 in trie_get_and_alloc /home/ben/repos/buc/tmap/map.c:75
    #7 0x5577e63a4279 in trie_get_and_alloc /home/ben/repos/buc/tmap/map.c:75
    #8 0x5577e63a5140 in map_get_or_insert /home/ben/repos/buc/tmap/map.c:166
    #9 0x5577e63a2c39 in main /home/ben/repos/buc/tmap/cw.c:45
    #10 0x7ff82ca3c28f  (/usr/lib/libc.so.6+0x2328f)

Indirect leak of 16656 byte(s) in 347 object(s) allocated from:
    #0 0x7ff82d4bf411 in __interceptor_calloc /usr/src/debug/gcc/gcc/libsanitizer/asan/asan_malloc_linux.cpp:77
    #1 0x5577e63a408e in trie_get_and_alloc /home/ben/repos/buc/tmap/map.c:71
    #2 0x5577e63a4279 in trie_get_and_alloc /home/ben/repos/buc/tmap/map.c:75
    #3 0x5577e63a4279 in trie_get_and_alloc /home/ben/repos/buc/tmap/map.c:75
    #4 0x5577e63a5140 in map_get_or_insert /home/ben/repos/buc/tmap/map.c:166
    #5 0x5577e63a2c39 in main /home/ben/repos/buc/tmap/cw.c:45
    #6 0x7ff82ca3c28f  (/usr/lib/libc.so.6+0x2328f)

Indirect leak of 16512 byte(s) in 344 object(s) allocated from:
    #0 0x7ff82d4bf411 in __interceptor_calloc /usr/src/debug/gcc/gcc/libsanitizer/asan/asan_malloc_linux.cpp:77
    #1 0x5577e63a408e in trie_get_and_alloc /home/ben/repos/buc/tmap/map.c:71
    #2 0x5577e63a4279 in trie_get_and_alloc /home/ben/repos/buc/tmap/map.c:75
    #3 0x5577e63a4279 in trie_get_and_alloc /home/ben/repos/buc/tmap/map.c:75
    #4 0x5577e63a4279 in trie_get_and_alloc /home/ben/repos/buc/tmap/map.c:75
    #5 0x5577e63a5140 in map_get_or_insert /home/ben/repos/buc/tmap/map.c:166
    #6 0x5577e63a2c39 in main /home/ben/repos/buc/tmap/cw.c:45
    #7 0x7ff82ca3c28f  (/usr/lib/libc.so.6+0x2328f)

Indirect leak of 14448 byte(s) in 301 object(s) allocated from:
    #0 0x7ff82d4bf411 in __interceptor_calloc /usr/src/debug/gcc/gcc/libsanitizer/asan/asan_malloc_linux.cpp:77
    #1 0x5577e63a408e in trie_get_and_alloc /home/ben/repos/buc/tmap/map.c:71
    #2 0x5577e63a4279 in trie_get_and_alloc /home/ben/repos/buc/tmap/map.c:75
    #3 0x5577e63a5140 in map_get_or_insert /home/ben/repos/buc/tmap/map.c:166
    #4 0x5577e63a2c39 in main /home/ben/repos/buc/tmap/cw.c:45
    #5 0x7ff82ca3c28f  (/usr/lib/libc.so.6+0x2328f)

Indirect leak of 12160 byte(s) in 95 object(s) allocated from:
    #0 0x7ff82d4be7ea in __interceptor_realloc /usr/src/debug/gcc/gcc/libsanitizer/asan/asan_malloc_linux.cpp:85
    #1 0x5577e63a391c in trie_get_and_alloc /home/ben/repos/buc/tmap/map.c:64
    #2 0x5577e63a4279 in trie_get_and_alloc /home/ben/repos/buc/tmap/map.c:75
    #3 0x5577e63a4279 in trie_get_and_alloc /home/ben/repos/buc/tmap/map.c:75
    #4 0x5577e63a4279 in trie_get_and_alloc /home/ben/repos/buc/tmap/map.c:75
    #5 0x5577e63a4279 in trie_get_and_alloc /home/ben/repos/buc/tmap/map.c:75
    #6 0x5577e63a4279 in trie_get_and_alloc /home/ben/repos/buc/tmap/map.c:75
    #7 0x5577e63a4279 in trie_get_and_alloc /home/ben/repos/buc/tmap/map.c:75
    #8 0x5577e63a4279 in trie_get_and_alloc /home/ben/repos/buc/tmap/map.c:75
    #9 0x5577e63a5140 in map_get_or_insert /home/ben/repos/buc/tmap/map.c:166
    #10 0x5577e63a2c39 in main /home/ben/repos/buc/tmap/cw.c:45
    #11 0x7ff82ca3c28f  (/usr/lib/libc.so.6+0x2328f)

Indirect leak of 12096 byte(s) in 252 object(s) allocated from:
    #0 0x7ff82d4bf411 in __interceptor_calloc /usr/src/debug/gcc/gcc/libsanitizer/asan/asan_malloc_linux.cpp:77
    #1 0x5577e63a408e in trie_get_and_alloc /home/ben/repos/buc/tmap/map.c:71
    #2 0x5577e63a4279 in trie_get_and_alloc /home/ben/repos/buc/tmap/map.c:75
    #3 0x5577e63a4279 in trie_get_and_alloc /home/ben/repos/buc/tmap/map.c:75
    #4 0x5577e63a4279 in trie_get_and_alloc /home/ben/repos/buc/tmap/map.c:75
    #5 0x5577e63a4279 in trie_get_and_alloc /home/ben/repos/buc/tmap/map.c:75
    #6 0x5577e63a5140 in map_get_or_insert /home/ben/repos/buc/tmap/map.c:166
    #7 0x5577e63a2c39 in main /home/ben/repos/buc/tmap/cw.c:45
    #8 0x7ff82ca3c28f  (/usr/lib/libc.so.6+0x2328f)

Indirect leak of 8640 byte(s) in 180 object(s) allocated from:
    #0 0x7ff82d4bf411 in __interceptor_calloc /usr/src/debug/gcc/gcc/libsanitizer/asan/asan_malloc_linux.cpp:77
    #1 0x5577e63a408e in trie_get_and_alloc /home/ben/repos/buc/tmap/map.c:71
    #2 0x5577e63a4279 in trie_get_and_alloc /home/ben/repos/buc/tmap/map.c:75
    #3 0x5577e63a4279 in trie_get_and_alloc /home/ben/repos/buc/tmap/map.c:75
    #4 0x5577e63a4279 in trie_get_and_alloc /home/ben/repos/buc/tmap/map.c:75
    #5 0x5577e63a4279 in trie_get_and_alloc /home/ben/repos/buc/tmap/map.c:75
    #6 0x5577e63a4279 in trie_get_and_alloc /home/ben/repos/buc/tmap/map.c:75
    #7 0x5577e63a5140 in map_get_or_insert /home/ben/repos/buc/tmap/map.c:166
    #8 0x5577e63a2c39 in main /home/ben/repos/buc/tmap/cw.c:45
    #9 0x7ff82ca3c28f  (/usr/lib/libc.so.6+0x2328f)

Indirect leak of 7056 byte(s) in 147 object(s) allocated from:
    #0 0x7ff82d4bf411 in __interceptor_calloc /usr/src/debug/gcc/gcc/libsanitizer/asan/asan_malloc_linux.cpp:77
    #1 0x5577e63a408e in trie_get_and_alloc /home/ben/repos/buc/tmap/map.c:71
    #2 0x5577e63a4279 in trie_get_and_alloc /home/ben/repos/buc/tmap/map.c:75
    #3 0x5577e63a4279 in trie_get_and_alloc /home/ben/repos/buc/tmap/map.c:75
    #4 0x5577e63a4279 in trie_get_and_alloc /home/ben/repos/buc/tmap/map.c:75
    #5 0x5577e63a4279 in trie_get_and_alloc /home/ben/repos/buc/tmap/map.c:75
    #6 0x5577e63a4279 in trie_get_and_alloc /home/ben/repos/buc/tmap/map.c:75
    #7 0x5577e63a4279 in trie_get_and_alloc /home/ben/repos/buc/tmap/map.c:75
    #8 0x5577e63a5140 in map_get_or_insert /home/ben/repos/buc/tmap/map.c:166
    #9 0x5577e63a2c39 in main /home/ben/repos/buc/tmap/cw.c:45
    #10 0x7ff82ca3c28f  (/usr/lib/libc.so.6+0x2328f)

Indirect leak of 5632 byte(s) in 44 object(s) allocated from:
    #0 0x7ff82d4be7ea in __interceptor_realloc /usr/src/debug/gcc/gcc/libsanitizer/asan/asan_malloc_linux.cpp:85
    #1 0x5577e63a391c in trie_get_and_alloc /home/ben/repos/buc/tmap/map.c:64
    #2 0x5577e63a4279 in trie_get_and_alloc /home/ben/repos/buc/tmap/map.c:75
    #3 0x5577e63a4279 in trie_get_and_alloc /home/ben/repos/buc/tmap/map.c:75
    #4 0x5577e63a4279 in trie_get_and_alloc /home/ben/repos/buc/tmap/map.c:75
    #5 0x5577e63a4279 in trie_get_and_alloc /home/ben/repos/buc/tmap/map.c:75
    #6 0x5577e63a4279 in trie_get_and_alloc /home/ben/repos/buc/tmap/map.c:75
    #7 0x5577e63a4279 in trie_get_and_alloc /home/ben/repos/buc/tmap/map.c:75
    #8 0x5577e63a4279 in trie_get_and_alloc /home/ben/repos/buc/tmap/map.c:75
    #9 0x5577e63a4279 in trie_get_and_alloc /home/ben/repos/buc/tmap/map.c:75
    #10 0x5577e63a5140 in map_get_or_insert /home/ben/repos/buc/tmap/map.c:166
    #11 0x5577e63a2c39 in main /home/ben/repos/buc/tmap/cw.c:45
    #12 0x7ff82ca3c28f  (/usr/lib/libc.so.6+0x2328f)

Indirect leak of 5312 byte(s) in 332 object(s) allocated from:
    #0 0x7ff82d4be7ea in __interceptor_realloc /usr/src/debug/gcc/gcc/libsanitizer/asan/asan_malloc_linux.cpp:85
    #1 0x5577e63a3a82 in trie_get_and_alloc /home/ben/repos/buc/tmap/map.c:65
    #2 0x5577e63a4279 in trie_get_and_alloc /home/ben/repos/buc/tmap/map.c:75
    #3 0x5577e63a4279 in trie_get_and_alloc /home/ben/repos/buc/tmap/map.c:75
    #4 0x5577e63a4279 in trie_get_and_alloc /home/ben/repos/buc/tmap/map.c:75
    #5 0x5577e63a5140 in map_get_or_insert /home/ben/repos/buc/tmap/map.c:166
    #6 0x5577e63a2c39 in main /home/ben/repos/buc/tmap/cw.c:45
    #7 0x7ff82ca3c28f  (/usr/lib/libc.so.6+0x2328f)

Indirect leak of 4752 byte(s) in 297 object(s) allocated from:
    #0 0x7ff82d4be7ea in __interceptor_realloc /usr/src/debug/gcc/gcc/libsanitizer/asan/asan_malloc_linux.cpp:85
    #1 0x5577e63a3a82 in trie_get_and_alloc /home/ben/repos/buc/tmap/map.c:65
    #2 0x5577e63a4279 in trie_get_and_alloc /home/ben/repos/buc/tmap/map.c:75
    #3 0x5577e63a4279 in trie_get_and_alloc /home/ben/repos/buc/tmap/map.c:75
    #4 0x5577e63a5140 in map_get_or_insert /home/ben/repos/buc/tmap/map.c:166
    #5 0x5577e63a2c39 in main /home/ben/repos/buc/tmap/cw.c:45
    #6 0x7ff82ca3c28f  (/usr/lib/libc.so.6+0x2328f)

Indirect leak of 4560 byte(s) in 95 object(s) allocated from:
    #0 0x7ff82d4bf411 in __interceptor_calloc /usr/src/debug/gcc/gcc/libsanitizer/asan/asan_malloc_linux.cpp:77
    #1 0x5577e63a408e in trie_get_and_alloc /home/ben/repos/buc/tmap/map.c:71
    #2 0x5577e63a4279 in trie_get_and_alloc /home/ben/repos/buc/tmap/map.c:75
    #3 0x5577e63a4279 in trie_get_and_alloc /home/ben/repos/buc/tmap/map.c:75
    #4 0x5577e63a4279 in trie_get_and_alloc /home/ben/repos/buc/tmap/map.c:75
    #5 0x5577e63a4279 in trie_get_and_alloc /home/ben/repos/buc/tmap/map.c:75
    #6 0x5577e63a4279 in trie_get_and_alloc /home/ben/repos/buc/tmap/map.c:75
    #7 0x5577e63a4279 in trie_get_and_alloc /home/ben/repos/buc/tmap/map.c:75
    #8 0x5577e63a4279 in trie_get_and_alloc /home/ben/repos/buc/tmap/map.c:75
    #9 0x5577e63a5140 in map_get_or_insert /home/ben/repos/buc/tmap/map.c:166
    #10 0x5577e63a2c39 in main /home/ben/repos/buc/tmap/cw.c:45
    #11 0x7ff82ca3c28f  (/usr/lib/libc.so.6+0x2328f)

Indirect leak of 3968 byte(s) in 248 object(s) allocated from:
    #0 0x7ff82d4be7ea in __interceptor_realloc /usr/src/debug/gcc/gcc/libsanitizer/asan/asan_malloc_linux.cpp:85
    #1 0x5577e63a3a82 in trie_get_and_alloc /home/ben/repos/buc/tmap/map.c:65
    #2 0x5577e63a4279 in trie_get_and_alloc /home/ben/repos/buc/tmap/map.c:75
    #3 0x5577e63a4279 in trie_get_and_alloc /home/ben/repos/buc/tmap/map.c:75
    #4 0x5577e63a4279 in trie_get_and_alloc /home/ben/repos/buc/tmap/map.c:75
    #5 0x5577e63a4279 in trie_get_and_alloc /home/ben/repos/buc/tmap/map.c:75
    #6 0x5577e63a5140 in map_get_or_insert /home/ben/repos/buc/tmap/map.c:166
    #7 0x5577e63a2c39 in main /home/ben/repos/buc/tmap/cw.c:45
    #8 0x7ff82ca3c28f  (/usr/lib/libc.so.6+0x2328f)

Indirect leak of 3840 byte(s) in 240 object(s) allocated from:
    #0 0x7ff82d4be7ea in __interceptor_realloc /usr/src/debug/gcc/gcc/libsanitizer/asan/asan_malloc_linux.cpp:85
    #1 0x5577e63a3a82 in trie_get_and_alloc /home/ben/repos/buc/tmap/map.c:65
    #2 0x5577e63a4279 in trie_get_and_alloc /home/ben/repos/buc/tmap/map.c:75
    #3 0x5577e63a5140 in map_get_or_insert /home/ben/repos/buc/tmap/map.c:166
    #4 0x5577e63a2c39 in main /home/ben/repos/buc/tmap/cw.c:45
    #5 0x7ff82ca3c28f  (/usr/lib/libc.so.6+0x2328f)

Indirect leak of 2848 byte(s) in 178 object(s) allocated from:
    #0 0x7ff82d4be7ea in __interceptor_realloc /usr/src/debug/gcc/gcc/libsanitizer/asan/asan_malloc_linux.cpp:85
    #1 0x5577e63a3a82 in trie_get_and_alloc /home/ben/repos/buc/tmap/map.c:65
    #2 0x5577e63a4279 in trie_get_and_alloc /home/ben/repos/buc/tmap/map.c:75
    #3 0x5577e63a4279 in trie_get_and_alloc /home/ben/repos/buc/tmap/map.c:75
    #4 0x5577e63a4279 in trie_get_and_alloc /home/ben/repos/buc/tmap/map.c:75
    #5 0x5577e63a4279 in trie_get_and_alloc /home/ben/repos/buc/tmap/map.c:75
    #6 0x5577e63a4279 in trie_get_and_alloc /home/ben/repos/buc/tmap/map.c:75
    #7 0x5577e63a5140 in map_get_or_insert /home/ben/repos/buc/tmap/map.c:166
    #8 0x5577e63a2c39 in main /home/ben/repos/buc/tmap/cw.c:45
    #9 0x7ff82ca3c28f  (/usr/lib/libc.so.6+0x2328f)

Indirect leak of 2336 byte(s) in 146 object(s) allocated from:
    #0 0x7ff82d4be7ea in __interceptor_realloc /usr/src/debug/gcc/gcc/libsanitizer/asan/asan_malloc_linux.cpp:85
    #1 0x5577e63a3a82 in trie_get_and_alloc /home/ben/repos/buc/tmap/map.c:65
    #2 0x5577e63a4279 in trie_get_and_alloc /home/ben/repos/buc/tmap/map.c:75
    #3 0x5577e63a4279 in trie_get_and_alloc /home/ben/repos/buc/tmap/map.c:75
    #4 0x5577e63a4279 in trie_get_and_alloc /home/ben/repos/buc/tmap/map.c:75
    #5 0x5577e63a4279 in trie_get_and_alloc /home/ben/repos/buc/tmap/map.c:75
    #6 0x5577e63a4279 in trie_get_and_alloc /home/ben/repos/buc/tmap/map.c:75
    #7 0x5577e63a4279 in trie_get_and_alloc /home/ben/repos/buc/tmap/map.c:75
    #8 0x5577e63a5140 in map_get_or_insert /home/ben/repos/buc/tmap/map.c:166
    #9 0x5577e63a2c39 in main /home/ben/repos/buc/tmap/cw.c:45
    #10 0x7ff82ca3c28f  (/usr/lib/libc.so.6+0x2328f)

Indirect leak of 2112 byte(s) in 44 object(s) allocated from:
    #0 0x7ff82d4bf411 in __interceptor_calloc /usr/src/debug/gcc/gcc/libsanitizer/asan/asan_malloc_linux.cpp:77
    #1 0x5577e63a408e in trie_get_and_alloc /home/ben/repos/buc/tmap/map.c:71
    #2 0x5577e63a4279 in trie_get_and_alloc /home/ben/repos/buc/tmap/map.c:75
    #3 0x5577e63a4279 in trie_get_and_alloc /home/ben/repos/buc/tmap/map.c:75
    #4 0x5577e63a4279 in trie_get_and_alloc /home/ben/repos/buc/tmap/map.c:75
    #5 0x5577e63a4279 in trie_get_and_alloc /home/ben/repos/buc/tmap/map.c:75
    #6 0x5577e63a4279 in trie_get_and_alloc /home/ben/repos/buc/tmap/map.c:75
    #7 0x5577e63a4279 in trie_get_and_alloc /home/ben/repos/buc/tmap/map.c:75
    #8 0x5577e63a4279 in trie_get_and_alloc /home/ben/repos/buc/tmap/map.c:75
    #9 0x5577e63a4279 in trie_get_and_alloc /home/ben/repos/buc/tmap/map.c:75
    #10 0x5577e63a5140 in map_get_or_insert /home/ben/repos/buc/tmap/map.c:166
    #11 0x5577e63a2c39 in main /home/ben/repos/buc/tmap/cw.c:45
    #12 0x7ff82ca3c28f  (/usr/lib/libc.so.6+0x2328f)

Indirect leak of 1520 byte(s) in 95 object(s) allocated from:
    #0 0x7ff82d4be7ea in __interceptor_realloc /usr/src/debug/gcc/gcc/libsanitizer/asan/asan_malloc_linux.cpp:85
    #1 0x5577e63a3a82 in trie_get_and_alloc /home/ben/repos/buc/tmap/map.c:65
    #2 0x5577e63a4279 in trie_get_and_alloc /home/ben/repos/buc/tmap/map.c:75
    #3 0x5577e63a4279 in trie_get_and_alloc /home/ben/repos/buc/tmap/map.c:75
    #4 0x5577e63a4279 in trie_get_and_alloc /home/ben/repos/buc/tmap/map.c:75
    #5 0x5577e63a4279 in trie_get_and_alloc /home/ben/repos/buc/tmap/map.c:75
    #6 0x5577e63a4279 in trie_get_and_alloc /home/ben/repos/buc/tmap/map.c:75
    #7 0x5577e63a4279 in trie_get_and_alloc /home/ben/repos/buc/tmap/map.c:75
    #8 0x5577e63a4279 in trie_get_and_alloc /home/ben/repos/buc/tmap/map.c:75
    #9 0x5577e63a5140 in map_get_or_insert /home/ben/repos/buc/tmap/map.c:166
    #10 0x5577e63a2c39 in main /home/ben/repos/buc/tmap/cw.c:45
    #11 0x7ff82ca3c28f  (/usr/lib/libc.so.6+0x2328f)

Indirect leak of 1408 byte(s) in 11 object(s) allocated from:
    #0 0x7ff82d4be7ea in __interceptor_realloc /usr/src/debug/gcc/gcc/libsanitizer/asan/asan_malloc_linux.cpp:85
    #1 0x5577e63a391c in trie_get_and_alloc /home/ben/repos/buc/tmap/map.c:64
    #2 0x5577e63a4279 in trie_get_and_alloc /home/ben/repos/buc/tmap/map.c:75
    #3 0x5577e63a4279 in trie_get_and_alloc /home/ben/repos/buc/tmap/map.c:75
    #4 0x5577e63a4279 in trie_get_and_alloc /home/ben/repos/buc/tmap/map.c:75
    #5 0x5577e63a4279 in trie_get_and_alloc /home/ben/repos/buc/tmap/map.c:75
    #6 0x5577e63a4279 in trie_get_and_alloc /home/ben/repos/buc/tmap/map.c:75
    #7 0x5577e63a4279 in trie_get_and_alloc /home/ben/repos/buc/tmap/map.c:75
    #8 0x5577e63a4279 in trie_get_and_alloc /home/ben/repos/buc/tmap/map.c:75
    #9 0x5577e63a4279 in trie_get_and_alloc /home/ben/repos/buc/tmap/map.c:75
    #10 0x5577e63a4279 in trie_get_and_alloc /home/ben/repos/buc/tmap/map.c:75
    #11 0x5577e63a5140 in map_get_or_insert /home/ben/repos/buc/tmap/map.c:166
    #12 0x5577e63a2c39 in main /home/ben/repos/buc/tmap/cw.c:45
    #13 0x7ff82ca3c28f  (/usr/lib/libc.so.6+0x2328f)

Indirect leak of 896 byte(s) in 7 object(s) allocated from:
    #0 0x7ff82d4be7ea in __interceptor_realloc /usr/src/debug/gcc/gcc/libsanitizer/asan/asan_malloc_linux.cpp:85
    #1 0x5577e63a391c in trie_get_and_alloc /home/ben/repos/buc/tmap/map.c:64
    #2 0x5577e63a4279 in trie_get_and_alloc /home/ben/repos/buc/tmap/map.c:75
    #3 0x5577e63a4279 in trie_get_and_alloc /home/ben/repos/buc/tmap/map.c:75
    #4 0x5577e63a4279 in trie_get_and_alloc /home/ben/repos/buc/tmap/map.c:75
    #5 0x5577e63a4279 in trie_get_and_alloc /home/ben/repos/buc/tmap/map.c:75
    #6 0x5577e63a4279 in trie_get_and_alloc /home/ben/repos/buc/tmap/map.c:75
    #7 0x5577e63a4279 in trie_get_and_alloc /home/ben/repos/buc/tmap/map.c:75
    #8 0x5577e63a4279 in trie_get_and_alloc /home/ben/repos/buc/tmap/map.c:75
    #9 0x5577e63a4279 in trie_get_and_alloc /home/ben/repos/buc/tmap/map.c:75
    #10 0x5577e63a4279 in trie_get_and_alloc /home/ben/repos/buc/tmap/map.c:75
    #11 0x5577e63a4279 in trie_get_and_alloc /home/ben/repos/buc/tmap/map.c:75
    #12 0x5577e63a5140 in map_get_or_insert /home/ben/repos/buc/tmap/map.c:166
    #13 0x5577e63a2c39 in main /home/ben/repos/buc/tmap/cw.c:45
    #14 0x7ff82ca3c28f  (/usr/lib/libc.so.6+0x2328f)

Indirect leak of 704 byte(s) in 44 object(s) allocated from:
    #0 0x7ff82d4be7ea in __interceptor_realloc /usr/src/debug/gcc/gcc/libsanitizer/asan/asan_malloc_linux.cpp:85
    #1 0x5577e63a3a82 in trie_get_and_alloc /home/ben/repos/buc/tmap/map.c:65
    #2 0x5577e63a4279 in trie_get_and_alloc /home/ben/repos/buc/tmap/map.c:75
    #3 0x5577e63a4279 in trie_get_and_alloc /home/ben/repos/buc/tmap/map.c:75
    #4 0x5577e63a4279 in trie_get_and_alloc /home/ben/repos/buc/tmap/map.c:75
    #5 0x5577e63a4279 in trie_get_and_alloc /home/ben/repos/buc/tmap/map.c:75
    #6 0x5577e63a4279 in trie_get_and_alloc /home/ben/repos/buc/tmap/map.c:75
    #7 0x5577e63a4279 in trie_get_and_alloc /home/ben/repos/buc/tmap/map.c:75
    #8 0x5577e63a4279 in trie_get_and_alloc /home/ben/repos/buc/tmap/map.c:75
    #9 0x5577e63a4279 in trie_get_and_alloc /home/ben/repos/buc/tmap/map.c:75
    #10 0x5577e63a5140 in map_get_or_insert /home/ben/repos/buc/tmap/map.c:166
    #11 0x5577e63a2c39 in main /home/ben/repos/buc/tmap/cw.c:45
    #12 0x7ff82ca3c28f  (/usr/lib/libc.so.6+0x2328f)

Indirect leak of 528 byte(s) in 11 object(s) allocated from:
    #0 0x7ff82d4bf411 in __interceptor_calloc /usr/src/debug/gcc/gcc/libsanitizer/asan/asan_malloc_linux.cpp:77
    #1 0x5577e63a408e in trie_get_and_alloc /home/ben/repos/buc/tmap/map.c:71
    #2 0x5577e63a4279 in trie_get_and_alloc /home/ben/repos/buc/tmap/map.c:75
    #3 0x5577e63a4279 in trie_get_and_alloc /home/ben/repos/buc/tmap/map.c:75
    #4 0x5577e63a4279 in trie_get_and_alloc /home/ben/repos/buc/tmap/map.c:75
    #5 0x5577e63a4279 in trie_get_and_alloc /home/ben/repos/buc/tmap/map.c:75
    #6 0x5577e63a4279 in trie_get_and_alloc /home/ben/repos/buc/tmap/map.c:75
    #7 0x5577e63a4279 in trie_get_and_alloc /home/ben/repos/buc/tmap/map.c:75
    #8 0x5577e63a4279 in trie_get_and_alloc /home/ben/repos/buc/tmap/map.c:75
    #9 0x5577e63a4279 in trie_get_and_alloc /home/ben/repos/buc/tmap/map.c:75
    #10 0x5577e63a4279 in trie_get_and_alloc /home/ben/repos/buc/tmap/map.c:75
    #11 0x5577e63a5140 in map_get_or_insert /home/ben/repos/buc/tmap/map.c:166
    #12 0x5577e63a2c39 in main /home/ben/repos/buc/tmap/cw.c:45
    #13 0x7ff82ca3c28f  (/usr/lib/libc.so.6+0x2328f)

Indirect leak of 336 byte(s) in 7 object(s) allocated from:
    #0 0x7ff82d4bf411 in __interceptor_calloc /usr/src/debug/gcc/gcc/libsanitizer/asan/asan_malloc_linux.cpp:77
    #1 0x5577e63a408e in trie_get_and_alloc /home/ben/repos/buc/tmap/map.c:71
    #2 0x5577e63a4279 in trie_get_and_alloc /home/ben/repos/buc/tmap/map.c:75
    #3 0x5577e63a4279 in trie_get_and_alloc /home/ben/repos/buc/tmap/map.c:75
    #4 0x5577e63a4279 in trie_get_and_alloc /home/ben/repos/buc/tmap/map.c:75
    #5 0x5577e63a4279 in trie_get_and_alloc /home/ben/repos/buc/tmap/map.c:75
    #6 0x5577e63a4279 in trie_get_and_alloc /home/ben/repos/buc/tmap/map.c:75
    #7 0x5577e63a4279 in trie_get_and_alloc /home/ben/repos/buc/tmap/map.c:75
    #8 0x5577e63a4279 in trie_get_and_alloc /home/ben/repos/buc/tmap/map.c:75
    #9 0x5577e63a4279 in trie_get_and_alloc /home/ben/repos/buc/tmap/map.c:75
    #10 0x5577e63a4279 in trie_get_and_alloc /home/ben/repos/buc/tmap/map.c:75
    #11 0x5577e63a4279 in trie_get_and_alloc /home/ben/repos/buc/tmap/map.c:75
    #12 0x5577e63a5140 in map_get_or_insert /home/ben/repos/buc/tmap/map.c:166
    #13 0x5577e63a2c39 in main /home/ben/repos/buc/tmap/cw.c:45
    #14 0x7ff82ca3c28f  (/usr/lib/libc.so.6+0x2328f)

Indirect leak of 256 byte(s) in 2 object(s) allocated from:
    #0 0x7ff82d4be7ea in __interceptor_realloc /usr/src/debug/gcc/gcc/libsanitizer/asan/asan_malloc_linux.cpp:85
    #1 0x5577e63a391c in trie_get_and_alloc /home/ben/repos/buc/tmap/map.c:64
    #2 0x5577e63a4279 in trie_get_and_alloc /home/ben/repos/buc/tmap/map.c:75
    #3 0x5577e63a4279 in trie_get_and_alloc /home/ben/repos/buc/tmap/map.c:75
    #4 0x5577e63a4279 in trie_get_and_alloc /home/ben/repos/buc/tmap/map.c:75
    #5 0x5577e63a4279 in trie_get_and_alloc /home/ben/repos/buc/tmap/map.c:75
    #6 0x5577e63a4279 in trie_get_and_alloc /home/ben/repos/buc/tmap/map.c:75
    #7 0x5577e63a4279 in trie_get_and_alloc /home/ben/repos/buc/tmap/map.c:75
    #8 0x5577e63a4279 in trie_get_and_alloc /home/ben/repos/buc/tmap/map.c:75
    #9 0x5577e63a4279 in trie_get_and_alloc /home/ben/repos/buc/tmap/map.c:75
    #10 0x5577e63a4279 in trie_get_and_alloc /home/ben/repos/buc/tmap/map.c:75
    #11 0x5577e63a4279 in trie_get_and_alloc /home/ben/repos/buc/tmap/map.c:75
    #12 0x5577e63a4279 in trie_get_and_alloc /home/ben/repos/buc/tmap/map.c:75
    #13 0x5577e63a5140 in map_get_or_insert /home/ben/repos/buc/tmap/map.c:166
    #14 0x5577e63a2c39 in main /home/ben/repos/buc/tmap/cw.c:45
    #15 0x7ff82ca3c28f  (/usr/lib/libc.so.6+0x2328f)

Indirect leak of 176 byte(s) in 11 object(s) allocated from:
    #0 0x7ff82d4be7ea in __interceptor_realloc /usr/src/debug/gcc/gcc/libsanitizer/asan/asan_malloc_linux.cpp:85
    #1 0x5577e63a3a82 in trie_get_and_alloc /home/ben/repos/buc/tmap/map.c:65
    #2 0x5577e63a4279 in trie_get_and_alloc /home/ben/repos/buc/tmap/map.c:75
    #3 0x5577e63a4279 in trie_get_and_alloc /home/ben/repos/buc/tmap/map.c:75
    #4 0x5577e63a4279 in trie_get_and_alloc /home/ben/repos/buc/tmap/map.c:75
    #5 0x5577e63a4279 in trie_get_and_alloc /home/ben/repos/buc/tmap/map.c:75
    #6 0x5577e63a4279 in trie_get_and_alloc /home/ben/repos/buc/tmap/map.c:75
    #7 0x5577e63a4279 in trie_get_and_alloc /home/ben/repos/buc/tmap/map.c:75
    #8 0x5577e63a4279 in trie_get_and_alloc /home/ben/repos/buc/tmap/map.c:75
    #9 0x5577e63a4279 in trie_get_and_alloc /home/ben/repos/buc/tmap/map.c:75
    #10 0x5577e63a4279 in trie_get_and_alloc /home/ben/repos/buc/tmap/map.c:75
    #11 0x5577e63a5140 in map_get_or_insert /home/ben/repos/buc/tmap/map.c:166
    #12 0x5577e63a2c39 in main /home/ben/repos/buc/tmap/cw.c:45
    #13 0x7ff82ca3c28f  (/usr/lib/libc.so.6+0x2328f)

Indirect leak of 112 byte(s) in 7 object(s) allocated from:
    #0 0x7ff82d4be7ea in __interceptor_realloc /usr/src/debug/gcc/gcc/libsanitizer/asan/asan_malloc_linux.cpp:85
    #1 0x5577e63a3a82 in trie_get_and_alloc /home/ben/repos/buc/tmap/map.c:65
    #2 0x5577e63a4279 in trie_get_and_alloc /home/ben/repos/buc/tmap/map.c:75
    #3 0x5577e63a4279 in trie_get_and_alloc /home/ben/repos/buc/tmap/map.c:75
    #4 0x5577e63a4279 in trie_get_and_alloc /home/ben/repos/buc/tmap/map.c:75
    #5 0x5577e63a4279 in trie_get_and_alloc /home/ben/repos/buc/tmap/map.c:75
    #6 0x5577e63a4279 in trie_get_and_alloc /home/ben/repos/buc/tmap/map.c:75
    #7 0x5577e63a4279 in trie_get_and_alloc /home/ben/repos/buc/tmap/map.c:75
    #8 0x5577e63a4279 in trie_get_and_alloc /home/ben/repos/buc/tmap/map.c:75
    #9 0x5577e63a4279 in trie_get_and_alloc /home/ben/repos/buc/tmap/map.c:75
    #10 0x5577e63a4279 in trie_get_and_alloc /home/ben/repos/buc/tmap/map.c:75
    #11 0x5577e63a4279 in trie_get_and_alloc /home/ben/repos/buc/tmap/map.c:75
    #12 0x5577e63a5140 in map_get_or_insert /home/ben/repos/buc/tmap/map.c:166
    #13 0x5577e63a2c39 in main /home/ben/repos/buc/tmap/cw.c:45
    #14 0x7ff82ca3c28f  (/usr/lib/libc.so.6+0x2328f)

Indirect leak of 96 byte(s) in 2 object(s) allocated from:
    #0 0x7ff82d4bf411 in __interceptor_calloc /usr/src/debug/gcc/gcc/libsanitizer/asan/asan_malloc_linux.cpp:77
    #1 0x5577e63a408e in trie_get_and_alloc /home/ben/repos/buc/tmap/map.c:71
    #2 0x5577e63a4279 in trie_get_and_alloc /home/ben/repos/buc/tmap/map.c:75
    #3 0x5577e63a4279 in trie_get_and_alloc /home/ben/repos/buc/tmap/map.c:75
    #4 0x5577e63a4279 in trie_get_and_alloc /home/ben/repos/buc/tmap/map.c:75
    #5 0x5577e63a4279 in trie_get_and_alloc /home/ben/repos/buc/tmap/map.c:75
    #6 0x5577e63a4279 in trie_get_and_alloc /home/ben/repos/buc/tmap/map.c:75
    #7 0x5577e63a4279 in trie_get_and_alloc /home/ben/repos/buc/tmap/map.c:75
    #8 0x5577e63a4279 in trie_get_and_alloc /home/ben/repos/buc/tmap/map.c:75
    #9 0x5577e63a4279 in trie_get_and_alloc /home/ben/repos/buc/tmap/map.c:75
    #10 0x5577e63a4279 in trie_get_and_alloc /home/ben/repos/buc/tmap/map.c:75
    #11 0x5577e63a4279 in trie_get_and_alloc /home/ben/repos/buc/tmap/map.c:75
    #12 0x5577e63a4279 in trie_get_and_alloc /home/ben/repos/buc/tmap/map.c:75
    #13 0x5577e63a5140 in map_get_or_insert /home/ben/repos/buc/tmap/map.c:166
    #14 0x5577e63a2c39 in main /home/ben/repos/buc/tmap/cw.c:45
    #15 0x7ff82ca3c28f  (/usr/lib/libc.so.6+0x2328f)

Indirect leak of 32 byte(s) in 2 object(s) allocated from:
    #0 0x7ff82d4be7ea in __interceptor_realloc /usr/src/debug/gcc/gcc/libsanitizer/asan/asan_malloc_linux.cpp:85
    #1 0x5577e63a3a82 in trie_get_and_alloc /home/ben/repos/buc/tmap/map.c:65
    #2 0x5577e63a4279 in trie_get_and_alloc /home/ben/repos/buc/tmap/map.c:75
    #3 0x5577e63a4279 in trie_get_and_alloc /home/ben/repos/buc/tmap/map.c:75
    #4 0x5577e63a4279 in trie_get_and_alloc /home/ben/repos/buc/tmap/map.c:75
    #5 0x5577e63a4279 in trie_get_and_alloc /home/ben/repos/buc/tmap/map.c:75
    #6 0x5577e63a4279 in trie_get_and_alloc /home/ben/repos/buc/tmap/map.c:75
    #7 0x5577e63a4279 in trie_get_and_alloc /home/ben/repos/buc/tmap/map.c:75
    #8 0x5577e63a4279 in trie_get_and_alloc /home/ben/repos/buc/tmap/map.c:75
    #9 0x5577e63a4279 in trie_get_and_alloc /home/ben/repos/buc/tmap/map.c:75
    #10 0x5577e63a4279 in trie_get_and_alloc /home/ben/repos/buc/tmap/map.c:75
    #11 0x5577e63a4279 in trie_get_and_alloc /home/ben/repos/buc/tmap/map.c:75
    #12 0x5577e63a4279 in trie_get_and_alloc /home/ben/repos/buc/tmap/map.c:75
    #13 0x5577e63a5140 in map_get_or_insert /home/ben/repos/buc/tmap/map.c:166
    #14 0x5577e63a2c39 in main /home/ben/repos/buc/tmap/cw.c:45
    #15 0x7ff82ca3c28f  (/usr/lib/libc.so.6+0x2328f)

SUMMARY: AddressSanitizer: 324832 byte(s) leaked in 5169 allocation(s).
